[    0.000000] Initializing cgroup subsys cpuset
[    0.000000] Initializing cgroup subsys cpu
[    0.000000] Initializing cgroup subsys cpuacct
[    0.000000] Linux version 4.4.0-141-generic (buildd@lcy01-amd64-027) (gcc version 5.4.0 20160609 (Ubuntu 5.4.0-6ubuntu1~16.04.10) ) #167-Ubuntu SMP Wed Dec 5 10:38:08 UTC 2018 (Ubuntu 4.4.0-141.167-generic 4.4.162)
[    0.000000] KERNEL supported cpus:
[    0.000000]   Intel GenuineIntel
[    0.000000]   AMD AuthenticAMD
[    0.000000]   NSC Geode by NSC
[    0.000000]   Cyrix CyrixInstead
[    0.000000]   Centaur CentaurHauls
[    0.000000]   Transmeta GenuineTMx86
[    0.000000]   Transmeta TransmetaCPU
[    0.000000]   UMC UMC UMC UMC
[    0.000000] x86/fpu: xstate_offset[2]:  576, xstate_sizes[2]:  256
[    0.000000] x86/fpu: Supporting XSAVE feature 0x01: 'x87 floating point registers'
[    0.000000] x86/fpu: Supporting XSAVE feature 0x02: 'SSE registers'
[    0.000000] x86/fpu: Supporting XSAVE feature 0x04: 'AVX registers'
[    0.000000] x86/fpu: Enabled xstate features 0x7, context size is 832 bytes, using 'standard' format.
[    0.000000] e820: BIOS-provided physical RAM map:
[    0.000000] BIOS-e820: [mem 0x0000000000000000-0x000000000009fbff] usable
[    0.000000] BIOS-e820: [mem 0x000000000009fc00-0x000000000009ffff] reserved
[    0.000000] BIOS-e820: [mem 0x00000000000f0000-0x00000000000fffff] reserved
[    0.000000] BIOS-e820: [mem 0x0000000000100000-0x000000001ffeffff] usable
[    0.000000] BIOS-e820: [mem 0x000000001fff0000-0x000000001fffffff] ACPI data
[    0.000000] BIOS-e820: [mem 0x00000000fec00000-0x00000000fec00fff] reserved
[    0.000000] BIOS-e820: [mem 0x00000000fee00000-0x00000000fee00fff] reserved
[    0.000000] BIOS-e820: [mem 0x00000000fffc0000-0x00000000ffffffff] reserved
[    0.000000] NX (Execute Disable) protection: active
[    0.000000] SMBIOS 2.5 present.
[    0.000000] Hypervisor detected: KVM
[    0.000000] e820: last_pfn = 0x1fff0 max_arch_pfn = 0x1000000
[    0.000000] MTRR: Disabled
[    0.000000] x86/PAT: MTRRs disabled, skipping PAT initialization too.
[    0.000000] CPU MTRRs all blank - virtualized system.
[    0.000000] x86/PAT: Configuration [0-7]: WB  WT  UC- UC  WB  WT  UC- UC  
[    0.000000] found SMP MP-table at [mem 0x0009fff0-0x0009ffff] mapped at [c009fff0]
[    0.000000] Scanning 1 areas for low memory corruption
[    0.000000] RAMDISK: [mem 0x1e996000-0x1f801fff]
[    0.000000] ACPI: Early table checksum verification disabled
[    0.000000] ACPI: RSDP 0x00000000000E0000 000024 (v02 VBOX  )
[    0.000000] ACPI: XSDT 0x000000001FFF0030 00003C (v01 VBOX   VBOXXSDT 00000001 ASL  00000061)
[    0.000000] ACPI: FACP 0x000000001FFF00F0 0000F4 (v04 VBOX   VBOXFACP 00000001 ASL  00000061)
[    0.000000] ACPI: DSDT 0x000000001FFF0470 0021FF (v02 VBOX   VBOXBIOS 00000002 INTL 20100528)
[    0.000000] ACPI: FACS 0x000000001FFF0200 000040
[    0.000000] ACPI: FACS 0x000000001FFF0200 000040
[    0.000000] ACPI: APIC 0x000000001FFF0240 000054 (v02 VBOX   VBOXAPIC 00000001 ASL  00000061)
[    0.000000] ACPI: SSDT 0x000000001FFF02A0 0001CC (v01 VBOX   VBOXCPUT 00000002 INTL 20100528)
[    0.000000] 0MB HIGHMEM available.
[    0.000000] 511MB LOWMEM available.
[    0.000000]   mapped low ram: 0 - 1fff0000
[    0.000000]   low ram: 0 - 1fff0000
[    0.000000] kvm-clock: Using msrs 4b564d01 and 4b564d00
[    0.000000] kvm-clock: cpu 0, msr 0:1ffef001, primary cpu clock
[    0.000000] kvm-clock: using sched offset of 4053363460 cycles
[    0.000000] clocksource: kvm-clock: mask: 0xffffffffffffffff max_cycles: 0x1cd42e4dffb, max_idle_ns: 881590591483 ns
[    0.000000] Zone ranges:
[    0.000000]   DMA      [mem 0x0000000000001000-0x0000000000ffffff]
[    0.000000]   Normal   [mem 0x0000000001000000-0x000000001ffeffff]
[    0.000000]   HighMem  empty
[    0.000000] Movable zone start for each node
[    0.000000] Early memory node ranges
[    0.000000]   node   0: [mem 0x0000000000001000-0x000000000009efff]
[    0.000000]   node   0: [mem 0x0000000000100000-0x000000001ffeffff]
[    0.000000] Initmem setup node 0 [mem 0x0000000000001000-0x000000001ffeffff]
[    0.000000] Using APIC driver default
[    0.000000] ACPI: PM-Timer IO Port: 0x4008
[    0.000000] IOAPIC[0]: apic_id 1, version 32, address 0xfec00000, GSI 0-23
[    0.000000] ACPI: INT_SRC_OVR (bus 0 bus_irq 0 global_irq 2 dfl dfl)
[    0.000000] ACPI: INT_SRC_OVR (bus 0 bus_irq 9 global_irq 9 low level)
[    0.000000] Using ACPI (MADT) for SMP configuration information
[    0.000000] smpboot: Allowing 1 CPUs, 0 hotplug CPUs
[    0.000000] PM: Registered nosave memory: [mem 0x00000000-0x00000fff]
[    0.000000] PM: Registered nosave memory: [mem 0x0009f000-0x0009ffff]
[    0.000000] PM: Registered nosave memory: [mem 0x000a0000-0x000effff]
[    0.000000] PM: Registered nosave memory: [mem 0x000f0000-0x000fffff]
[    0.000000] e820: [mem 0x20000000-0xfebfffff] available for PCI devices
[    0.000000] Booting paravirtualized kernel on KVM
[    0.000000] clocksource: refined-jiffies: mask: 0xffffffff max_cycles: 0xffffffff, max_idle_ns: 7645519600211568 ns
[    0.000000] setup_percpu: NR_CPUS:8 nr_cpumask_bits:8 nr_cpu_ids:1 nr_node_ids:1
[    0.000000] PERCPU: Embedded 19 pages/cpu @dfac1000 s47436 r0 d30388 u77824
[    0.000000] PV qspinlock hash table entries: 512 (order: 0, 4096 bytes)
[    0.000000] Built 1 zonelists in Zone order, mobility grouping on.  Total pages: 129678
[    0.000000] Kernel command line: BOOT_IMAGE=/boot/vmlinuz-4.4.0-141-generic root=UUID=929138f2-c798-4813-986a-d20e3bb97623 ro console=tty1 console=ttyS0
[    0.000000] PID hash table entries: 2048 (order: 1, 8192 bytes)
[    0.000000] Dentry cache hash table entries: 65536 (order: 6, 262144 bytes)
[    0.000000] Inode-cache hash table entries: 32768 (order: 5, 131072 bytes)
[    0.000000] Initializing CPU#0
[    0.000000] Initializing HighMem for node 0 (00000000:00000000)
[    0.000000] Memory: 489388K/523832K available (8052K kernel code, 778K rwdata, 3180K rodata, 952K init, 800K bss, 34444K reserved, 0K cma-reserved, 0K highmem)
[    0.000000] virtual kernel memory layout:
[    0.000000]     fixmap  : 0xfff15000 - 0xfffff000   ( 936 kB)
[    0.000000]     pkmap   : 0xffc00000 - 0xffe00000   (2048 kB)
[    0.000000]     vmalloc : 0xe07f0000 - 0xffbfe000   ( 500 MB)
[    0.000000]     lowmem  : 0xc0000000 - 0xdfff0000   ( 511 MB)
[    0.000000]       .init : 0xc1bbe000 - 0xc1cac000   ( 952 kB)
[    0.000000]       .data : 0xc17dd3c4 - 0xc1bbc9c0   (3965 kB)
[    0.000000]       .text : 0xc1000000 - 0xc17dd3c4   (8052 kB)
[    0.000000] Checking if this processor honours the WP bit even in supervisor mode...Ok.
[    0.000000] SLUB: HWalign=64, Order=0-3, MinObjects=0, CPUs=1, Nodes=1
[    0.000000] Hierarchical RCU implementation.
[    0.000000] 	Build-time adjustment of leaf fanout to 32.
[    0.000000] 	RCU restricting CPUs from NR_CPUS=8 to nr_cpu_ids=1.
[    0.000000] RCU: Adjusting geometry for rcu_fanout_leaf=32, nr_cpu_ids=1
[    0.000000] NR_IRQS:2304 nr_irqs:256 16
[    0.000000] Console: colour VGA+ 80x25
[    0.000000] console [tty1] enabled
[    0.000000] console [ttyS0] enabled
[    0.000000] allocated 524288 bytes of page_ext
[    0.000000] tsc: Detected 2592.000 MHz processor
[    2.579261] Calibrating delay loop (skipped) preset value.. 5184.00 BogoMIPS (lpj=10368000)
[    2.614693] pid_max: default: 32768 minimum: 301
[    2.629969] ACPI: Core revision 20150930
[    2.663491] ACPI: 2 ACPI AML tables successfully acquired and loaded
[    2.740416] Security Framework initialized
[    2.779758] Yama: becoming mindful.
[    2.841829] AppArmor: AppArmor initialized
[    2.902123] Mount-cache hash table entries: 1024 (order: 0, 4096 bytes)
[    2.903533] Mountpoint-cache hash table entries: 1024 (order: 0, 4096 bytes)
[    2.993761] Initializing cgroup subsys io
[    3.048029] Initializing cgroup subsys memory
[    3.087737] Initializing cgroup subsys devices
[    3.095183] Initializing cgroup subsys freezer
[    3.096240] Initializing cgroup subsys net_cls
[    3.097194] Initializing cgroup subsys perf_event
[    3.098226] Initializing cgroup subsys net_prio
[    3.099200] Initializing cgroup subsys hugetlb
[    3.100270] Initializing cgroup subsys pids
[    3.104952] mce: CPU supports 0 MCE banks
[    3.105854] process: using mwait in idle threads
[    3.106855] Last level iTLB entries: 4KB 64, 2MB 8, 4MB 8
[    3.140904] Last level dTLB entries: 4KB 64, 2MB 0, 4MB 0, 1GB 4
[    3.170285] Spectre V2 : Mitigation: Full generic retpoline
[    3.228157] Spectre V2 : Spectre v2 mitigation: Speculation control IBPB not-supported IBRS not-supported
[    3.444873] Spectre V2 : Spectre v2 / SpectreRSB mitigation: Filling RSB on context switch
[    3.515931] Speculative Store Bypass: Vulnerable
[    3.575390] Freeing SMP alternatives memory: 32K
[    3.611665] ftrace: allocating 31566 entries in 62 pages
[    3.690610] smpboot: APIC(0) Converting physical 0 to logical package 0
[    3.713014] smpboot: Max logical packages: 1
[    3.719397] Enabling APIC mode:  Flat.  Using 1 I/O APICs
[    3.729775] ..TIMER: vector=0x30 apic1=0 pin1=2 apic2=-1 pin2=-1
[    3.844509] smpboot: CPU0: Intel(R) Core(TM) i7-6700HQ CPU @ 2.60GHz (family: 0x6, model: 0x5e, stepping: 0x3)
[    3.847172] Performance Events: unsupported p6 CPU model 94 no PMU driver, software events only.
[    3.909805] KVM setup paravirtual spinlock
[    3.940477] x86: Booted up 1 node, 1 CPUs
[    3.951823] smpboot: Total of 1 processors activated (5184.00 BogoMIPS)
[    3.960496] devtmpfs: initialized
[    3.968536] evm: security.selinux
[    3.971081] evm: security.SMACK64
[    3.979594] evm: security.SMACK64EXEC
[    3.981968] evm: security.SMACK64TRANSMUTE
[    3.997233] evm: security.SMACK64MMAP
[    4.000999] evm: security.ima
[    4.003556] evm: security.capability
[    4.004733] clocksource: jiffies: mask: 0xffffffff max_cycles: 0xffffffff, max_idle_ns: 7645041785100000 ns
[    4.036424] futex hash table entries: 256 (order: 2, 16384 bytes)
[    4.092250] pinctrl core: initialized pinctrl subsystem
[    4.101597] RTC time: 19:22:54, date: 01/06/19
[    4.127286] NET: Registered protocol family 16
[    4.161551] EISA bus registered
[    4.176337] cpuidle: using governor ladder
[    4.198188] cpuidle: using governor menu
[    4.207462] PCCT header not found.
[    4.208761] ACPI: bus type PCI registered
[    4.210388] acpiphp: ACPI Hot Plug PCI Controller Driver version: 0.5
[    4.221142] PCI : PCI BIOS area is rw and x. Use pci=nobios if you want it NX.
[    4.256034] PCI: PCI BIOS revision 2.10 entry at 0xfda26, last bus=0
[    4.272171] PCI: Using configuration type 1 for base access
[    4.304210] ACPI: Added _OSI(Module Device)
[    4.334074] ACPI: Added _OSI(Processor Device)
[    4.335134] ACPI: Added _OSI(3.0 _SCP Extensions)
[    4.336183] ACPI: Added _OSI(Processor Aggregator Device)
[    4.338002] ACPI: Executed 1 blocks of module-level executable AML code
[    4.341772] ACPI: Interpreter enabled
[    4.348941] ACPI: (supports S0 S5)
[    4.356594] ACPI: Using IOAPIC for interrupt routing
[    4.400910] PCI: Using host bridge windows from ACPI; if necessary, use "pci=nocrs" and report a bug
[    4.429265] ACPI: PCI Root Bridge [PCI0] (domain 0000 [bus 00-ff])
[    4.444809] acpi PNP0A03:00: _OSC: OS supports [ASPM ClockPM Segments MSI]
[    4.446880] acpi PNP0A03:00: _OSC: not requesting OS control; OS requires [ExtendedConfig ASPM ClockPM MSI]
[    4.481096] acpi PNP0A03:00: fail to add MMCONFIG information, can't access extended PCI configuration space under this bridge.
[    4.502720] PCI host bridge to bus 0000:00
[    4.534492] pci_bus 0000:00: root bus resource [io  0x0000-0x0cf7 window]
[    4.570566] pci_bus 0000:00: root bus resource [io  0x0d00-0xffff window]
[    4.572542] pci_bus 0000:00: root bus resource [mem 0x000a0000-0x000bffff window]
[    4.591940] pci_bus 0000:00: root bus resource [mem 0x20000000-0xfdffffff window]
[    4.608181] pci_bus 0000:00: root bus resource [bus 00-ff]
[    4.625146] pci 0000:00:01.1: legacy IDE quirk: reg 0x10: [io  0x01f0-0x01f7]
[    4.720397] pci 0000:00:01.1: legacy IDE quirk: reg 0x14: [io  0x03f6]
[    4.797693] pci 0000:00:01.1: legacy IDE quirk: reg 0x18: [io  0x0170-0x0177]
[    4.825728] pci 0000:00:01.1: legacy IDE quirk: reg 0x1c: [io  0x0376]
[    4.855733] pci 0000:00:07.0: quirk: [io  0x4000-0x403f] claimed by PIIX4 ACPI
[    4.871764] pci 0000:00:07.0: quirk: [io  0x4100-0x410f] claimed by PIIX4 SMB
[    4.887538] ACPI: PCI Interrupt Link [LNKA] (IRQs 5 9 10 *11)
[    4.912949] ACPI: PCI Interrupt Link [LNKB] (IRQs 5 9 *10 11)
[    4.941233] ACPI: PCI Interrupt Link [LNKC] (IRQs 5 *9 10 11)
[    4.967550] ACPI: PCI Interrupt Link [LNKD] (IRQs 5 9 10 *11)
[    4.970271] ACPI: Enabled 2 GPEs in block 00 to 07
[    4.978767] vgaarb: setting as boot device: PCI:0000:00:02.0
[    4.981767] vgaarb: device added: PCI:0000:00:02.0,decodes=io+mem,owns=io+mem,locks=none
[    5.016294] vgaarb: loaded
[    5.040757] vgaarb: bridge control possible 0000:00:02.0
[    5.090827] SCSI subsystem initialized
[    5.145056] ACPI: bus type USB registered
[    5.153648] usbcore: registered new interface driver usbfs
[    5.163376] usbcore: registered new interface driver hub
[    5.194709] usbcore: registered new device driver usb
[    5.219046] PCI: Using ACPI for IRQ routing
[    5.260004] NetLabel: Initializing
[    5.297077] NetLabel:  domain hash size = 128
[    5.357866] NetLabel:  protocols = UNLABELED CIPSOv4
[    5.375853] NetLabel:  unlabeled traffic allowed by default
[    5.398830] amd_nb: Cannot enumerate AMD northbridges
[    5.471951] clocksource: Switched to clocksource kvm-clock
[    5.499156] AppArmor: AppArmor Filesystem Enabled
[    5.529919] pnp: PnP ACPI init
[    5.531495] pnp: PnP ACPI: found 3 devices
[    5.552963] PnPBIOS: Disabled by ACPI PNP
[    5.619358] clocksource: acpi_pm: mask: 0xffffff max_cycles: 0xffffff, max_idle_ns: 2085701024 ns
[    5.684835] NET: Registered protocol family 2
[    5.699064] TCP established hash table entries: 4096 (order: 2, 16384 bytes)
[    5.710191] TCP bind hash table entries: 4096 (order: 3, 32768 bytes)
[    5.764579] TCP: Hash tables configured (established 4096 bind 4096)
[    5.825583] UDP hash table entries: 256 (order: 1, 8192 bytes)
[    5.871439] UDP-Lite hash table entries: 256 (order: 1, 8192 bytes)
[    5.904761] NET: Registered protocol family 1
[    5.919586] pci 0000:00:00.0: Limiting direct PCI/PCI transfers
[    5.921004] pci 0000:00:01.0: Activating ISA DMA hang workarounds
[    5.922514] Unpacking initramfs...
[    6.237021] Freeing initrd memory: 14768K
[    6.246407] platform rtc_cmos: registered platform RTC device (no PNP device found)
[    6.248849] Scanning for low memory corruption every 60 seconds
[    6.251830] audit: initializing netlink subsys (disabled)
[    6.271362] audit: type=2000 audit(1546802576.469:1): initialized
[    6.273505] Initialise system trusted keyring
[    6.284480] HugeTLB registered 2 MB page size, pre-allocated 0 pages
[    6.311660] zbud: loaded
[    6.312678] VFS: Disk quotas dquot_6.6.0
[    6.313598] VFS: Dquot-cache hash table entries: 1024 (order 0, 4096 bytes)
[    6.315391] squashfs: version 4.0 (2009/01/31) Phillip Lougher
[    6.317260] fuse init (API version 7.23)
[    6.328083] Key type big_key registered
[    6.333176] Allocating IMA MOK and blacklist keyrings.
[    6.335160] Key type asymmetric registered
[    6.336674] Asymmetric key parser 'x509' registered
[    6.338138] bounce: pool size: 64 pages
[    6.339404] Block layer SCSI generic (bsg) driver version 0.4 loaded (major 249)
[    6.353790] io scheduler noop registered
[    6.356699] io scheduler deadline registered (default)
[    6.381608] io scheduler cfq registered
[    6.382704] pci_hotplug: PCI Hot Plug PCI Core version: 0.5
[    6.404463] pciehp: PCI Express Hot Plug Controller Driver version: 0.4
[    6.413368] ACPI: AC Adapter [AC] (on-line)
[    6.424466] input: Power Button as /devices/LNXSYSTM:00/LNXPWRBN:00/input/input0
[    6.427168] ACPI: Power Button [PWRF]
[    6.429322] input: Sleep Button as /devices/LNXSYSTM:00/LNXSLPBN:00/input/input1
[    6.452450] ACPI: Sleep Button [SLPF]
[    6.462765] ACPI: Battery Slot [BAT0] (battery present)
[    6.464012] GHES: HEST is not enabled!
[    6.467385] isapnp: Scanning for PnP cards...
[    6.483144] Serial: 8250/16550 driver, 32 ports, IRQ sharing enabled
[    6.507380] 00:02: ttyS0 at I/O 0x3f8 (irq = 4, base_baud = 115200) is a 16550A
[    6.574291] Linux agpgart interface v0.103
[    6.623557] loop: module loaded
[    6.631405] scsi host0: ata_piix
[    6.651365] scsi host1: ata_piix
[    6.652150] ata1: PATA max UDMA/33 cmd 0x1f0 ctl 0x3f6 bmdma 0xd000 irq 14
[    6.653581] ata2: PATA max UDMA/33 cmd 0x170 ctl 0x376 bmdma 0xd008 irq 15
[    6.655339] libphy: Fixed MDIO Bus: probed
[    6.656400] tun: Universal TUN/TAP device driver, 1.6
[    6.657488] tun: (C) 1999-2004 Max Krasnyansky <maxk@qualcomm.com>
[    6.659026] PPP generic driver version 2.4.2
[    6.660092] ehci_hcd: USB 2.0 'Enhanced' Host Controller (EHCI) Driver
[    6.661508] ehci-pci: EHCI PCI platform driver
[    6.714532] ehci-platform: EHCI generic platform driver
[    6.737550] ohci_hcd: USB 1.1 'Open' Host Controller (OHCI) Driver
[    7.001679] ohci-pci: OHCI PCI platform driver
[    7.163840] isapnp: No Plug & Play device found
[    7.226160] ohci-platform: OHCI generic platform driver
[    7.294336] tsc: Refined TSC clocksource calibration: 2593.113 MHz
[    7.381342] clocksource: tsc: mask: 0xffffffffffffffff max_cycles: 0x2560d249ac5, max_idle_ns: 440795261435 ns
[    7.439898] uhci_hcd: USB Universal Host Controller Interface driver
[    7.478992] i8042: PNP: PS/2 Controller [PNP0303:PS2K,PNP0f03:PS2M] at 0x60,0x64 irq 1,12
[    7.525658] serio: i8042 KBD port at 0x60,0x64 irq 1
[    7.605577] serio: i8042 AUX port at 0x60,0x64 irq 12
[    7.652225] mousedev: PS/2 mouse device common for all mice
[    7.653722] input: AT Translated Set 2 keyboard as /devices/platform/i8042/serio0/input/input2
[    7.664461] rtc_cmos rtc_cmos: rtc core: registered rtc_cmos as rtc0
[    7.665746] rtc_cmos rtc_cmos: alarms up to one day, 114 bytes nvram
[    7.667039] i2c /dev entries driver
[    7.667878] device-mapper: uevent: version 1.0.3
[    7.668990] device-mapper: ioctl: 4.34.0-ioctl (2015-10-28) initialised: dm-devel@redhat.com
[    7.672213] platform eisa.0: Probing EISA bus 0
[    7.684381] platform eisa.0: EISA: Cannot allocate resource for mainboard
[    7.685695] platform eisa.0: Cannot allocate resource for EISA slot 1
[    7.707519] platform eisa.0: Cannot allocate resource for EISA slot 2
[    7.751510] platform eisa.0: Cannot allocate resource for EISA slot 3
[    7.770698] platform eisa.0: Cannot allocate resource for EISA slot 4
[    7.781457] platform eisa.0: Cannot allocate resource for EISA slot 5
[    7.796977] platform eisa.0: Cannot allocate resource for EISA slot 6
[    7.804885] platform eisa.0: Cannot allocate resource for EISA slot 7
[    7.828164] platform eisa.0: Cannot allocate resource for EISA slot 8
[    7.894926] platform eisa.0: EISA: Detected 0 cards
[    7.965252] cpufreq-nforce2: No nForce2 chipset.
[    7.993951] ledtrig-cpu: registered to indicate activity on CPUs
[    7.995625] NET: Registered protocol family 10
[    7.996851] NET: Registered protocol family 17
[    8.037808] Key type dns_resolver registered
[    8.057779] Using IPI No-Shortcut mode
[    8.092172] registered taskstats version 1
[    8.093218] Loading compiled-in X.509 certificates
[    8.096301] Loaded X.509 cert 'Build time autogenerated kernel key: 8ee7231a1e42e4b4a17d0e4b95c66ffe15d3b32e'
[    8.100330] zswap: loaded using pool lzo/zbud
[    8.102634] Key type trusted registered
[    8.106257] Key type encrypted registered
[    8.107200] AppArmor: AppArmor sha1 policy hashing enabled
[    8.134894] ima: No TPM chip found, activating TPM-bypass!
[    8.136235] ima: Allocated hash algorithm: sha1
[    8.137483] evm: HMAC attrs: 0x1
[    8.188086]   Magic number: 3:258:394
[    8.229780] rtc_cmos rtc_cmos: setting system clock to 2019-01-06 19:22:58 UTC (1546802578)
[    8.232925] BIOS EDD facility v0.16 2004-Jun-25, 0 devices found
[    8.234449] EDD information not available.
[    8.237474] Freeing unused kernel memory: 952K
[    8.268017] Write protecting the kernel text: 8056k
[    8.269149] Write protecting the kernel read-only data: 3184k
[    8.270621] NX-protecting the kernel data: 6280k
Loading, please wait...
starting version[    8.285910] random: udevadm: uninitialized urandom read (16 bytes read, 4 bits of entropy available)
 229
[    8.311724] random: systemd-udevd: uninitialized urandom read (16 bytes read, 4 bits of entropy available)
[    8.313917] random: systemd-udevd: uninitialized urandom read (16 bytes read, 4 bits of entropy available)
[    8.315849] random: systemd-udevd: uninitialized urandom read (16 bytes read, 4 bits of entropy available)
[    8.337329] random: udevadm: uninitialized urandom read (16 bytes read, 4 bits of entropy available)
[    8.414573] random: udevadm: uninitialized urandom read (16 bytes read, 4 bits of entropy available)
[    8.418418] random: udevadm: uninitialized urandom read (16 bytes read, 4 bits of entropy available)
[    8.430742] random: udevadm: uninitialized urandom read (16 bytes read, 4 bits of entropy available)
[    8.479314] random: udevadm: uninitialized urandom read (16 bytes read, 4 bits of entropy available)
[    8.495330] random: udevadm: uninitialized urandom read (16 bytes read, 4 bits of entropy available)
[    8.555799] e1000: Intel(R) PRO/1000 Network Driver - version 7.3.21-k8-NAPI
[    8.557361] e1000: Copyright (c) 1999-2006 Intel Corporation.
[    8.577981] Fusion MPT base driver 3.04.20
[    8.587489] Copyright (c) 1999-2008 LSI Corporation
[    8.668557] Fusion MPT SPI Host driver 3.04.20
[    8.815353] input: ImExPS/2 Generic Explorer Mouse as /devices/platform/i8042/serio1/input/input4
[    9.036127] e1000 0000:00:03.0 eth0: (PCI:33MHz:32-bit) 02:44:d1:47:4b:d5
[    9.043615] e1000 0000:00:03.0 eth0: Intel(R) PRO/1000 Network Connection
[    9.099139] mptbase: ioc0: Initiating bringup
[    9.176780] ioc0: LSI53C1030 A0: Capabilities={Initiator}
[    9.406553] scsi host2: ioc0: LSI53C1030 A0, FwRev=00000000h, Ports=1, MaxQ=256, IRQ=20
[    9.549197] scsi 2:0:0:0: Direct-Access     VBOX     HARDDISK         1.0  PQ: 0 ANSI: 5
[    9.605832] scsi target2:0:0: Beginning Domain Validation
[    9.609223] scsi target2:0:0: Domain Validation skipping write tests
[    9.612447] scsi target2:0:0: Ending Domain Validation
[    9.613620] scsi target2:0:0: asynchronous
[    9.672875] scsi 2:0:1:0: Direct-Access     VBOX     HARDDISK         1.0  PQ: 0 ANSI: 5
[    9.711370] scsi target2:0:1: Beginning Domain Validation
[    9.793212] scsi target2:0:1: Domain Validation skipping write tests
[    9.794776] scsi target2:0:1: Ending Domain Validation
[    9.845579] scsi target2:0:1: asynchronous
[   10.048501] sd 2:0:0:0: Attached scsi generic sg0 type 0
[   10.054277] sd 2:0:0:0: [sda] 20971520 512-byte logical blocks: (10.7 GB/10.0 GiB)
[   10.108424] sd 2:0:1:0: [sdb] 20480 512-byte logical blocks: (10.5 MB/10.0 MiB)
[   10.169013] sd 2:0:1:0: Attached scsi generic sg1 type 0
[   10.179622] e1000 0000:00:08.0 eth1: (PCI:33MHz:32-bit) 08:00:27:c5:52:c0
[   10.194460] e1000 0000:00:08.0 eth1: Intel(R) PRO/1000 Network Connection
[   10.268823] sd 2:0:0:0: [sda] Write Protect is off
[   10.280307] sd 2:0:1:0: [sdb] Write Protect is off
[   10.288197] e1000 0000:00:08.0 enp0s8: renamed from eth1
[   10.310884] sd 2:0:1:0: [sdb] Incomplete mode parameter data
[   10.313063] sd 2:0:1:0: [sdb] Assuming drive cache: write through
[   10.316810] sd 2:0:0:0: [sda] Incomplete mode parameter data
[   10.318505] sd 2:0:0:0: [sda] Assuming drive cache: write through
[   10.321773] e1000 0000:00:03.0 enp0s3: renamed from eth0
[   10.407090]  sda: sda1
[   10.446469] sd 2:0:0:0: [sda] Attached SCSI disk
[   10.501089] sd 2:0:1:0: [sdb] Attached SCSI disk
Begin: Loading e[   12.088898] md: linear personality registered for level -1
ssential drivers[   12.105657] md: multipath personality registered for level -4
 ... [   12.124317] md: raid0 personality registered for level 0
[   12.232809] md: raid1 personality registered for level 1
[   12.384399] raid6: mmxx1    gen()  5933 MB/s
[   12.460005] raid6: mmxx2    gen()  6205 MB/s
[   12.576594] raid6: sse1x1   gen()  5485 MB/s
[   12.724022] raid6: sse1x2   gen()  5857 MB/s
[   12.808071] raid6: sse2x1   gen()  9773 MB/s
[   12.900399] raid6: sse2x1   xor()  7888 MB/s
[   12.976007] raid6: sse2x2   gen() 13130 MB/s
[   13.052088] raid6: sse2x2   xor()  8466 MB/s
[   13.120123] raid6: avx2x1   gen() 20579 MB/s
[   13.224383] raid6: avx2x2   gen() 22166 MB/s
[   13.239542] raid6: using algorithm avx2x2 gen() 22166 MB/s
[   13.268030] raid6: using avx2x1 recovery algorithm
[   13.303089] xor: automatically using best checksumming function:
[   13.348392]    avx       : 21975.000 MB/sec
[   13.387675] async_tx: api initialized (async)
[   13.408313] md: raid6 personality registered for level 6
[   13.409411] md: raid5 personality registered for level 5
[   13.410537] md: raid4 personality registered for level 4
[   13.417910] md: raid10 personality registered for level 10
done.
Begin: Running /scripts/init-premount ... done.
Begin: Mounting root file system ... Begin: Running /scripts/local-top ... done[   13.493022] Btrfs loaded
.
Begin: Running /scripts/local-premount ... Scanning for Btrfs filesystems
done.
Warning: fsck not present, so skipping root file system
[   13.552304] EXT4-fs (sda1): mounted filesystem with ordered data mode. Opts: (null)
done.
Begin: Running /scripts/local-bottom ... done.
Begin: Running /scripts/init-bottom ... done.
[   13.945350] systemd[1]: systemd 229 running in system mode. (+PAM +AUDIT +SELINUX +IMA +APPARMOR +SMACK +SYSVINIT +UTMP +LIBCRYPTSETUP +GCRYPT +GNUTLS +ACL +XZ -LZ4 +SECCOMP +BLKID +ELFUTILS +KMOD -IDN)
[   13.990940] systemd[1]: Detected virtualization oracle.
[   13.998831] systemd[1]: Detected architecture x86.

Welcome to [1mUbuntu 16.04.5 LTS[0m!

[   14.037671] systemd[1]: Set hostname to <kouosl>.
[   14.208341] random: nonblocking pool is initialized
[   14.415745] systemd[1]: Created slice User and Session Slice.
[[0;32m  OK  [0m] Created slice User and Session Slice.
[   14.552886] systemd[1]: Listening on Journal Socket.
[[0;32m  OK  [0m] Listening on Journal Socket.
[   14.568906] systemd[1]: Listening on Journal Socket (/dev/log).
[[0;32m  OK  [0m] Listening on Journal Socket (/dev/log).
[   14.608177] systemd[1]: Listening on Journal Audit Socket.
[[0;32m  OK  [0m] Listening on Journal Audit Socket.
[   14.716172] systemd[1]: Listening on LVM2 metadata daemon socket.
[[0;32m  OK  [0m] Listening on LVM2 metadata daemon socket.
[   14.740716] systemd[1]: Listening on Device-mapper event daemon FIFOs.
[[0;32m  OK  [0m] Listening on Device-mapper event daemon FIFOs.
[   14.760265] systemd[1]: Started Trigger resolvconf update for networkd DNS.
[[0;32m  OK  [0m] Started Trigger resolvconf update for networkd DNS.
[   14.783941] systemd[1]: Listening on LVM2 poll daemon socket.
[[0;32m  OK  [0m] Listening on LVM2 poll daemon socket.
[   14.787129] systemd[1]: Created slice System Slice.
[[0;32m  OK  [0m] Created slice System Slice.
[   14.796578] systemd[1]: Starting Uncomplicated firewall...
         Starting Uncomplicated firewall...
[   14.812244] systemd[1]: Starting Load Kernel Modules...
         Starting Load Kernel Modules...
[   14.828733] systemd[1]: Reached target Slices.
[[0;32m  OK  [0m] Reached target Slices.
[   14.843454] systemd[1]: Starting Set console keymap...
         Starting Set console keymap...
[   14.867976] Loading iSCSI transport class v2.0-870.
[   14.972334] systemd[1]: Starting Monitoring of LVM2 mirrors, snapshots etc. using dmeventd or progress polling...
         Starting Monitoring of LVM2 mirrors... dmeventd or progress polling...
[   15.000429] systemd[1]: Mounting Huge Pages File System...
         Mounting Huge Pages File System...
[   15.009541] systemd[1]: Listening on /dev/initctl Compatibility Named Pipe.
[[0;32m  OK  [0m] Listening on /dev/initctl Compatibility Named Pipe.
[   15.056252] systemd[1]: Reached target System Time Synchronized.
[   15.147780] iscsi: registered transport (tcp)
[[0;32m  OK  [0m] Reached target System Time Synchronized.
[   15.153062] systemd[1]: Reached target User and Group Name Lookups.
[[0;32m  OK  [0m] Reached target User and Group Name Lookups.
[   15.165769] systemd[1]: Starting Remount Root and Kernel File Systems...
         Starting Remount Root and Kernel File Systems...
[   15.183707] systemd[1]: Reached target Encrypted Volumes.
[   15.204374] EXT4-fs (sda1): re-mounted. Opts: (null)
[[0;32m  OK  [0m] Reached target Encrypted Volumes.
[   15.245236] systemd[1]: Starting Create list of required static device nodes for the current kernel...
         Starting Create list of required st... nodes for the current kernel...
[   15.259751] systemd[1]: Created slice system-serial\x2dgetty.slice.
[[0;32m  OK  [0m] Created slice system-serial\x2dgetty.slice.
[   15.284577] systemd[1]: Starting Nameserver information manager...
         Starting Nameserver information manager...
[   15.388555] systemd[1]: Started Forward Password Requests to Wall Directory Watch.
[[0;32m  OK  [0[   15.430950] iscsi: registered transport (iser)
m] Started Forward Password Requests to Wall Directory Watch.
[   15.536026] systemd[1]: Reached target Swap.
[[0;32m  OK  [0m] Reached target Swap.
[   15.539314] systemd[1]: Set up automount Arbitrary Executable File Formats File System Automount Point.
[[0;32m  OK  [0m] Set up automount Arbitrary Executab...ats File System Automount Point.
[   15.570382] systemd[1]: Listening on udev Control Socket.
[[0;32m  OK  [0m] Listening on udev Control Socket.
[   15.628978] systemd[1]: Listening on udev Kernel Socket.
[[0;32m  OK  [0m] Listening on udev Kernel Socket.
[   15.710331] systemd[1]: Mounting Debug File System...
         Mounting Debug File System...
[   15.804236] systemd[1]: Listening on Syslog Socket.
[[0;32m  OK  [0m] Listening on Syslog Socket.
[   15.844646] systemd[1]: Starting Journal Service...
         Starting Journal Service...
[   15.952654] systemd[1]: Mounting POSIX Message Queue File System...
         Mounting POSIX Message Queue File System...
[   15.972717] systemd[1]: Mounted Debug File System.
[[0;32m  OK  [0m] Mounted Debug File System.
[   16.040648] systemd[1]: Mounted Huge Pages File System.
[[0;32m  OK  [0m] Mounted Huge Pages File System.
[   16.081862] systemd[1]: Mounted POSIX Message Queue File System.
[[0;32m  OK  [0m] Mounted POSIX Message Queue File System.
[   16.104209] systemd[1]: Started Journal Service.
[[0;32m  OK  [0m] Started Journal Service.
[[0;32m  OK  [0m] Started Uncomplicated firewall.
[[0;32m  OK  [0m] Started Load Kernel Modules.
[[0;32m  OK  [0m] Started Set console keymap.
[[0;32m  OK  [0m] Started Remount Root and Kernel File Systems.
[[0;32m  OK  [0m] Started Create list of required sta...ce nodes for the current kernel.
[[0;32m  OK  [0m] Started Nameserver information manager.
[[0;32m  OK  [0m] Started LVM2 metadata daemon.
         Starting Create Static Device Nodes in /dev...
         Starting Load/Save Random Seed...
         Starting udev Coldplug all Devices...
         Starting Apply Kernel Variables...
         Mounting FUSE Control File System...
         Starting Flush Journal to Persistent Storage...
[[0;32m  OK  [0m] Mounted FUSE Control File System.
[[0;32m  OK  [0m] Started Monitoring of LVM2 mirrors,...ng dmeventd or progress polling.
[[0;32m  OK  [0m] Started Create Static Device Nodes in /dev.
[[0;32m  OK  [0m] Started Load/Save Random Seed.
[[0;32m  OK  [0m] Started Apply Kernel Variables.
[[0;32m  OK  [0m] Started udev Coldplug all Devices.
[[0;32m  OK  [0m] Started Flush Journal to Persistent Storage.
         Starting udev Kernel Device Manager...
[[0;32m  OK  [0m] Reached target Local File Systems (Pre).
[[0;32m  OK  [0m] Reached target Local File Systems.
         Starting Set console font and keymap...
         Starting Initial cloud-init job (pre-networking)...
         Starting Tell Plymouth To Write Out Runtime Data...
         Starting LSB: AppArmor initialization...
         Starting Create Volatile Files and Directories...
[[0;32m  OK  [0m] Started Tell Plymouth To Write Out Runtime Data.
[[0;32m  OK  [0m] Started Create Volatile Files and Directories.
         Starting Update UTMP about System Boot/Shutdown...
[[0;32m  OK  [0m] Started Update UTMP about System Boot/Shutdown.
[[0;32m  OK  [0m] Started udev Kernel Device Manager.
[[0;32m  OK  [0m] Started LSB: AppArmor initialization.
[[0;32m  OK  [0m] Started Dispatch Password Requests to Console Directory Watch.
[[0;32m  OK  [0m] Found device /dev/ttyS0.
[[0;32m  OK  [0m] Listening on Load/Save RF Kill Switch Status /dev/rfkill Watch.
[[0;32m  OK  [0m] Started Set console font and keymap.
[[0;32m  OK  [0m] Found device 82540EM Gigabit Ethern...r (PRO/1000 MT Desktop Adapter).
[[0;32m  OK  [0m] Created slice system-getty.slice.
[[0;32m  OK  [0m] Found device 82540EM Gigabit Ethern...r (PRO/1000 MT Desktop Adapter).
[   15.104822] cloud-init[484]: Cloud-init v. 18.4-0ubuntu1~16.04.2 running 'init-local' at Sun, 06 Jan 2019 19:23:09 +0000. Up 14.46 seconds.
[[0;32m  OK  [0m] Started Initial cloud-init job (pre-networking).
[[0;32m  OK  [0m] Reached target Network (Pre).
[[0;32m  OK  [0m] Started ifup for enp0s8.
         Starting Raise network interfaces...
[[0;32m  OK  [0m] Started ifup for enp0s3.
[[0;32m  OK  [0m] Started Raise network interfaces.
         Starting Initial cloud-init job (metadata service crawler)...
[[0;32m  OK  [0m] Reached target Network.
[   16.646499] cloud-init[1077]: Cloud-init v. 18.4-0ubuntu1~16.04.2 running 'init' at Sun, 06 Jan 2019 19:23:11 +0000. Up 16.14 seconds.
[   16.752323] cloud-init[1077]: ci-info: ++++++++++++++++++++++++++++++++++++++Net device info+++++++++++++++++++++++++++++++++++++++
[[0;32m  OK  [0m] Started Initial cloud-init job (metadata service crawler).
[   16.823124] cloud-init[1077]: ci-info: +--------+------+-----------------------------+---------------+--------+-------------------+
[   16.889044] cloud-init[1077]: ci-info: | Device |  Up  |           Address           |      Mask     | Scope  |     Hw-Address    |
[   16.948415] cloud-init[1077]: ci-info: +--------+------+-----------------------------+---------------+--------+-------------------+
[   17.009005] cloud-init[1077]: ci-info: | enp0s3 | True |          10.0.2.15          | 255.255.255.0 | global | 02:44:d1:47:4b:d5 |
[[0;32m  OK  [0m] Reached target System Initialization.
[[0;32m  OK  [0m] Started Daily Cleanup of Temporary Directories.
[   17.098551] cloud-init[1077]: ci-info: | enp0s3 | True |  fe80::44:d1ff:fe47:4bd5/64 |       .       |  link  | 02:44:d1:47:4b:d5 |
[[0;32m  OK  [0m] Listening on UUID daemon activation socket.
[   17.278849] cloud-init[1077]: ci-info: | enp0s8 | True |        192.168.83.137       | 255.255.255.0 | global | 08:00:27:c5:52:c0 |
[   17.364345] cloud-init[1077]: ci-info: | enp0s8 | True | fe80::a00:27ff:fec5:52c0/64 |       .       |  link  | 08:00:27:c5:52:c0 |
[[0;32m  OK  [0m] Started Daily apt download activities.
[[0;32m  OK  [0m] Started Daily apt upgrade and clean activities.
[   17.431502] cloud-init[1077]: ci-info: |   lo   | True |          127.0.0.1          |   255.0.0.0   |  host  |         .         |
[   17.569102] cloud-init[1077]: ci-info: |   lo   | True |           ::1/128           |       .       |  host  |         .         |
[[0;32m  OK  [0m] Started ACPI Events Check.
[[0;32m  OK  [0m] Reached target Paths.
[   17.671548] cloud-init[1077]: ci-info: +--------+------+-----------------------------+---------------+--------+-------------------+
[   17.808230] cloud-init[1077]: ci-info: ++++++++++++++++++++++++++++Route IPv4 info++++++++++++++++++++++++++++
         Starting LXD - unix socket.
[[0;32m  OK  [0m] Listening on ACPID Listen Socket.
[   17.862653] cloud-init[1077]: ci-info: +-------+--------------+----------+---------------+-----------+-------+
[[0;32m  OK  [0m] Reached target Timers.
[[0;32m  OK  [0m] Listening on D-Bus System Message Bus Socket.
[   17.982395] cloud-init[1077]: ci-info: | Route | Destination  | Gateway  |    Genmask    | Interface | Flags |
[   18.120632] cloud-init[1077]: ci-info: +-------+--------------+----------+---------------+-----------+-------+
         Starting Socket activation for snappy daemon.
[   18.183522] cloud-init[1077]: ci-info: |   0   |   0.0.0.0    | 10.0.2.2 |    0.0.0.0    |   enp0s3  |   UG  |
[[0;32m  OK  [0m] Reached target Network is Online.
[   18.266525] cloud-init[1077]: ci-info: |   1   |   10.0.2.0   | 0.0.0.0  | 255.255.255.0 |   enp0s3  |   U   |
[   18.340653] cloud-init[1077]: ci-info: |   2   | 192.168.83.0 | 0.0.0.0  | 255.255.255.0 |   enp0s8  |   U   |
         Starting iSCSI initiator daemon (iscsid)...
[[0;32m  OK  [0m] Reached target Cloud-config availability.
[   18.414692] cloud-init[1077]: ci-info: +-------+--------------+----------+---------------+-----------+-------+
[   18.537084] cloud-init[1077]: ci-info: +++++++++++++++++++Route IPv6 info+++++++++++++++++++
[[0;32m  OK  [0m] Listening on LXD - unix socket.
[   18.587637] cloud-init[1077]: ci-info: +-------+-------------+---------+-----------+-------+
[   18.669117] cloud-init[1077]: ci-info: | Route | Destination | Gateway | Interface | Flags |
[[0;32m  OK  [0m] Listening on Socket activation for snappy daemon.
[   18.731601] cloud-init[1077]: ci-info: +-------+-------------+---------+-----------+-------+
[   18.824759] cloud-init[1077]: ci-info: |   0   |  fe80::/64  |    ::   |   enp0s8  |   U   |
[   18.896466] cloud-init[1077]: ci-info: |   1   |  fe80::/64  |    ::   |   enp0s3  |   U   |
[   18.961205] cloud-init[1077]: ci-info: |   4   |   ff00::/8  |    ::   |   enp0s8  |   U   |
[   19.006479] cloud-init[1077]: ci-info: |   5   |   ff00::/8  |    ::   |   enp0s3  |   U   |
[[0;32m  OK  [0m] Reached target Sockets.
[[0;32m  OK  [0m] Reached target Basic System.
[   19.041265] cloud-init[1077]: ci-info: +-------+-------------+---------+-----------+-------+
[[0;32m  OK  [0m] Started Unattended Upgrades Shutdown.
[[0;32m  OK  [0m] Started Deferred execution scheduler.
         Starting /etc/rc.local Compatibility...
         Starting Accounts Service...
         Starting Snappy daemon...
         Starting OpenBSD Secure Shell server...
         Starting System Logging Service...
[[0;32m  OK  [0m] Started D-Bus System Message Bus.
[[0;32m  OK  [0m] Started Regular background program processing daemon.
         Starting LSB: MD monitoring daemon...
         Starting Login Service...
[[0;32m  OK  [0m] Started FUSE filesystem for LXC.
[[0;32m  OK  [0m] Started ACPI event daemon.
         Starting Virtualbox guest utils...
         Starting LSB: Record successful boot for GRUB...
         Starting LXD - container startup/shutdown...
[[0;32m  OK  [0m] Started System Logging Service.
[[0;32m  OK  [0m] Started iSCSI initiator daemon (iscsid).
[[0;32m  OK  [0m] Started /etc/rc.local Compatibility.
[[0;32m  OK  [0m] Started OpenBSD Secure Shell server.
[[0;32m  OK  [0m] Started Snappy daemon.
[[0;32m  OK  [0m] Started LSB: MD monitoring daemon.
         Starting Authenticate and Authorize Users to Run Privileged Tasks...
         Starting Wait until snapd is fully seeded...
         Starting Login to default iSCSI targets...
[[0;32m  OK  [0m] Started LSB: Record successful boot for GRUB.
[[0;32m  OK  [0m] Started Login Service.
[[0;32m  OK  [0m] Started Wait until snapd is fully seeded.
[[0;32m  OK  [0m] Started Authenticate and Authorize Users to Run Privileged Tasks.
[[0;32m  OK  [0m] Started Accounts Service.
         Starting Apply the settings specified in cloud-config...
[[0;32m  OK  [0m] Started Login to default iSCSI targets.
[[0;32m  OK  [0m] Reached target Remote File Systems (Pre).
[[0;32m  OK  [0m] Reached target Remote File Systems.
         Starting LSB: automatic crash report generation...
         Starting LSB: daemon to balance interrupts for SMP systems...
         Starting LSB: Start and stop the mysql database server daemon...
         Starting Permit User Sessions...
         Starting LSB: Set the CPU Frequency Scaling governor to "ondemand"...
         Starting LSB: Apache2 web server...
[[0;32m  OK  [0m] Started Virtualbox guest utils.
[[0;32m  OK  [0m] Started LXD - container startup/shutdown.
[[0;32m  OK  [0m] Started Permit User Sessions.
[[0;32m  OK  [0m] Started LSB: automatic crash report generation.
[[0;32m  OK  [0m] Started LSB: daemon to balance interrupts for SMP systems.
[[0;32m  OK  [0m] Started LSB: Set the CPU Frequency Scaling governor to "ondemand".
         Starting Hold until boot process finishes up...
         Starting Terminate Plymouth Boot Screen...
[[0;32m  OK  [0m] Started Hold until boot process finishes up.
[[0;32m  OK  [0m] Started Terminate Plymouth Boot Screen.
[[0;32m  OK  [0m] Started Getty on tty1.
         Starting Set console scheme...
[[0;32m  OK  [0m] Started Serial Getty on ttyS0.
[[0;32m  OK  [0m] Reached target Login Prompts.
[[0;32m  OK  [0m] Started Set console scheme.
[   21.546708] cloud-init[1265]: Cloud-init v. 18.4-0ubuntu1~16.04.2 running 'modules:config' at Sun, 06 Jan 2019 19:23:16 +0000. Up 21.23 seconds.
[[0;32m  OK  [0m] Started Apply the settings specified in cloud-config.
[[0;32m  OK  [0m] Started LSB: Start and stop the mysql database server daemon.
[[0;32m  OK  [0m] Started LSB: Apache2 web server.
[[0;32m  OK  [0m] Reached target Multi-User System.
         Starting Execute cloud user/final scripts...
[[0;32m  OK  [0m] Reached target Graphical Interface.
         Starting Update UTMP about System Runlevel Changes...
[[0;32m  OK  [0m] Started Update UTMP about System Runlevel Changes.
[   24.277649] cloud-init[1620]: Cloud-init v. 18.4-0ubuntu1~16.04.2 running 'modules:final' at Sun, 06 Jan 2019 19:23:19 +0000. Up 24.09 seconds.
[   24.313057] cloud-init[1620]: Cloud-init v. 18.4-0ubuntu1~16.04.2 finished at Sun, 06 Jan 2019 19:23:19 +0000. Datasource DataSourceNoCloud [seed=/dev/sdb][dsmode=net].  Up 24.26 seconds
[[0;32m  OK  [0m] Started Execute cloud user/final scripts.
[[0;32m  OK  [0m] Reached target Cloud-init target.

Ubuntu 16.04.5 LTS kouosl ttyS0

kouosl login: 